  [1m[35m (74.8ms)[0m  [1m[35mCREATE TABLE "schema_migrations" ("version" character varying PRIMARY KEY)[0m
  [1m[35m (71.2ms)[0m  [1m[35mCREATE TABLE "ar_internal_metadata" ("key" character varying PRIMARY KEY, "value" character varying, "created_at" timestamp NOT NULL, "updated_at" timestamp NOT NULL)[0m
  [1m[35m (62.7ms)[0m  [1m[34mSELECT pg_try_advisory_lock(6926945703726251595);[0m
  [1m[36mActiveRecord::SchemaMigration Load (62.4ms)[0m  [1m[34mSELECT "schema_migrations".* FROM "schema_migrations"[0m
Migrating to CreateUsers (20170220023111)
  [1m[35m (60.3ms)[0m  [1m[35mBEGIN[0m
  [1m[35m (72.6ms)[0m  [1m[35mCREATE TABLE "users" ("id" serial primary key, "name" character varying, "email" character varying, "password_digest" character varying, "created_at" timestamp NOT NULL, "updated_at" timestamp NOT NULL)[0m
  [1m[35mSQL (60.8ms)[0m  [1m[32mINSERT INTO "schema_migrations" ("version") VALUES ($1) RETURNING "version"[0m  [["version", "20170220023111"]]
  [1m[35m (62.0ms)[0m  [1m[35mCOMMIT[0m
  [1m[36mActiveRecord::InternalMetadata Load (62.2ms)[0m  [1m[34mSELECT  "ar_internal_metadata".* FROM "ar_internal_metadata" WHERE "ar_internal_metadata"."key" = $1 LIMIT $2[0m  [["key", :environment], ["LIMIT", 1]]
  [1m[35m (60.3ms)[0m  [1m[35mBEGIN[0m
  [1m[35mSQL (61.8ms)[0m  [1m[32mINSERT INTO "ar_internal_metadata" ("key", "value", "created_at", "updated_at") VALUES ($1, $2, $3, $4) RETURNING "key"[0m  [["key", "environment"], ["value", "development"], ["created_at", 2017-02-20 02:32:25 UTC], ["updated_at", 2017-02-20 02:32:25 UTC]]
  [1m[35m (61.0ms)[0m  [1m[35mCOMMIT[0m
  [1m[35m (64.5ms)[0m  [1m[34mSELECT pg_advisory_unlock(6926945703726251595)[0m
  [1m[36mActiveRecord::SchemaMigration Load (60.6ms)[0m  [1m[34mSELECT "schema_migrations".* FROM "schema_migrations"[0m
  [1m[35m (57.3ms)[0m  [1m[35mBEGIN[0m
  [1m[35mSQL (63.3ms)[0m  [1m[32mINSERT INTO "users" ("email", "password_digest", "created_at", "updated_at") VALUES ($1, $2, $3, $4) RETURNING "id"[0m  [["email", "ivan@compropago.com"], ["password_digest", "$2a$10$EzQ/v1z/rbMRSK/aGegfVO7Gr0fbEl9NQhiqBlslMDJZ1s4Vw53AC"], ["created_at", 2017-02-20 03:21:14 UTC], ["updated_at", 2017-02-20 03:21:14 UTC]]
  [1m[35m (65.2ms)[0m  [1m[35mCOMMIT[0m
  [1m[35m (57.6ms)[0m  [1m[34mSELECT pg_try_advisory_lock(6926945703726251595);[0m
  [1m[36mActiveRecord::SchemaMigration Load (57.7ms)[0m  [1m[34mSELECT "schema_migrations".* FROM "schema_migrations"[0m
Migrating to CreateItems (20170220032240)
  [1m[35m (57.0ms)[0m  [1m[35mBEGIN[0m
  [1m[35m (69.2ms)[0m  [1m[35mCREATE TABLE "items" ("id" serial primary key, "name" character varying, "description" text, "created_at" timestamp NOT NULL, "updated_at" timestamp NOT NULL)[0m
  [1m[35mSQL (61.2ms)[0m  [1m[32mINSERT INTO "schema_migrations" ("version") VALUES ($1) RETURNING "version"[0m  [["version", "20170220032240"]]
  [1m[35m (69.6ms)[0m  [1m[35mCOMMIT[0m
  [1m[36mActiveRecord::InternalMetadata Load (57.7ms)[0m  [1m[34mSELECT  "ar_internal_metadata".* FROM "ar_internal_metadata" WHERE "ar_internal_metadata"."key" = $1 LIMIT $2[0m  [["key", :environment], ["LIMIT", 1]]
  [1m[35m (56.7ms)[0m  [1m[35mBEGIN[0m
  [1m[35m (56.8ms)[0m  [1m[35mCOMMIT[0m
  [1m[35m (58.4ms)[0m  [1m[34mSELECT pg_advisory_unlock(6926945703726251595)[0m
  [1m[36mActiveRecord::SchemaMigration Load (57.5ms)[0m  [1m[34mSELECT "schema_migrations".* FROM "schema_migrations"[0m
Started GET "/authenticate" for 127.0.0.1 at 2017-02-19 21:28:45 -0600
  [1m[36mActiveRecord::SchemaMigration Load (61.4ms)[0m  [1m[34mSELECT "schema_migrations".* FROM "schema_migrations"[0m
  
ActionController::RoutingError (No route matches [GET] "/authenticate"):
  
actionpack (5.0.1) lib/action_dispatch/middleware/debug_exceptions.rb:53:in `call'
actionpack (5.0.1) lib/action_dispatch/middleware/show_exceptions.rb:31:in `call'
railties (5.0.1) lib/rails/rack/logger.rb:36:in `call_app'
railties (5.0.1) lib/rails/rack/logger.rb:24:in `block in call'
activesupport (5.0.1) lib/active_support/tagged_logging.rb:69:in `block in tagged'
activesupport (5.0.1) lib/active_support/tagged_logging.rb:26:in `tagged'
activesupport (5.0.1) lib/active_support/tagged_logging.rb:69:in `tagged'
railties (5.0.1) lib/rails/rack/logger.rb:24:in `call'
actionpack (5.0.1) lib/action_dispatch/middleware/request_id.rb:24:in `call'
rack (2.0.1) lib/rack/runtime.rb:22:in `call'
activesupport (5.0.1) lib/active_support/cache/strategy/local_cache_middleware.rb:28:in `call'
actionpack (5.0.1) lib/action_dispatch/middleware/executor.rb:12:in `call'
actionpack (5.0.1) lib/action_dispatch/middleware/static.rb:136:in `call'
rack (2.0.1) lib/rack/sendfile.rb:111:in `call'
railties (5.0.1) lib/rails/engine.rb:522:in `call'
puma (3.7.0) lib/puma/configuration.rb:226:in `call'
puma (3.7.0) lib/puma/server.rb:578:in `handle_request'
puma (3.7.0) lib/puma/server.rb:415:in `process_client'
puma (3.7.0) lib/puma/server.rb:275:in `block in run'
puma (3.7.0) lib/puma/thread_pool.rb:120:in `block in spawn_thread'
Started GET "/favicon.ico" for 127.0.0.1 at 2017-02-19 21:28:47 -0600
  
ActionController::RoutingError (No route matches [GET] "/favicon.ico"):
  
actionpack (5.0.1) lib/action_dispatch/middleware/debug_exceptions.rb:53:in `call'
actionpack (5.0.1) lib/action_dispatch/middleware/show_exceptions.rb:31:in `call'
railties (5.0.1) lib/rails/rack/logger.rb:36:in `call_app'
railties (5.0.1) lib/rails/rack/logger.rb:24:in `block in call'
activesupport (5.0.1) lib/active_support/tagged_logging.rb:69:in `block in tagged'
activesupport (5.0.1) lib/active_support/tagged_logging.rb:26:in `tagged'
activesupport (5.0.1) lib/active_support/tagged_logging.rb:69:in `tagged'
railties (5.0.1) lib/rails/rack/logger.rb:24:in `call'
actionpack (5.0.1) lib/action_dispatch/middleware/request_id.rb:24:in `call'
rack (2.0.1) lib/rack/runtime.rb:22:in `call'
activesupport (5.0.1) lib/active_support/cache/strategy/local_cache_middleware.rb:28:in `call'
actionpack (5.0.1) lib/action_dispatch/middleware/executor.rb:12:in `call'
actionpack (5.0.1) lib/action_dispatch/middleware/static.rb:136:in `call'
rack (2.0.1) lib/rack/sendfile.rb:111:in `call'
railties (5.0.1) lib/rails/engine.rb:522:in `call'
puma (3.7.0) lib/puma/configuration.rb:226:in `call'
puma (3.7.0) lib/puma/server.rb:578:in `handle_request'
puma (3.7.0) lib/puma/server.rb:415:in `process_client'
puma (3.7.0) lib/puma/server.rb:275:in `block in run'
puma (3.7.0) lib/puma/thread_pool.rb:120:in `block in spawn_thread'
Started POST "/authenticate" for 127.0.0.1 at 2017-02-19 21:36:02 -0600
Started POST "/authenticate" for 127.0.0.1 at 2017-02-19 21:36:41 -0600
Started POST "/authenticate" for 127.0.0.1 at 2017-02-19 21:41:13 -0600
  [1m[36mActiveRecord::SchemaMigration Load (58.1ms)[0m  [1m[34mSELECT "schema_migrations".* FROM "schema_migrations"[0m
Processing by AuthenticationController#authenticate as */*
  [1m[36mUser Load (57.7ms)[0m  [1m[34mSELECT  "users".* FROM "users" WHERE "users"."email" IS NULL LIMIT $1[0m  [["LIMIT", 1]]
Completed 401 Unauthorized in 244ms (Views: 0.2ms | ActiveRecord: 179.0ms)


Started POST "/authenticate" for 127.0.0.1 at 2017-02-19 21:41:47 -0600
Processing by AuthenticationController#authenticate as */*
  [1m[36mUser Load (59.3ms)[0m  [1m[34mSELECT  "users".* FROM "users" WHERE "users"."email" IS NULL LIMIT $1[0m  [["LIMIT", 1]]
Completed 401 Unauthorized in 61ms (Views: 0.2ms | ActiveRecord: 59.3ms)


Started POST "/authenticate" for 127.0.0.1 at 2017-02-19 21:41:59 -0600
Processing by AuthenticationController#authenticate as */*
  [1m[36mUser Load (60.1ms)[0m  [1m[34mSELECT  "users".* FROM "users" WHERE "users"."email" IS NULL LIMIT $1[0m  [["LIMIT", 1]]
Completed 401 Unauthorized in 61ms (Views: 0.2ms | ActiveRecord: 60.1ms)


Started POST "/authenticate" for 127.0.0.1 at 2017-02-19 21:42:20 -0600
Processing by AuthenticationController#authenticate as */*
  Parameters: {"email"=>"example@mail.com", "password"=>"[FILTERED]", "authentication"=>{"email"=>"example@mail.com", "password"=>"[FILTERED]"}}
  [1m[36mUser Load (57.7ms)[0m  [1m[34mSELECT  "users".* FROM "users" WHERE "users"."email" = $1 LIMIT $2[0m  [["email", "example@mail.com"], ["LIMIT", 1]]
Completed 401 Unauthorized in 193ms (Views: 0.2ms | ActiveRecord: 117.1ms)


Started POST "/authenticate" for 127.0.0.1 at 2017-02-19 21:43:01 -0600
Error occurred while parsing request parameters.
Contents:

{"email":"ex"ivan@compropago.com","password":"simplex"}
  
ActionDispatch::ParamsParser::ParseError (743: unexpected token at '{"email":"ex"ivan@compropago.com","password":"simplex"}'):
  
actionpack (5.0.1) lib/action_dispatch/http/parameters.rb:78:in `rescue in parse_formatted_parameters'
actionpack (5.0.1) lib/action_dispatch/http/parameters.rb:72:in `parse_formatted_parameters'
actionpack (5.0.1) lib/action_dispatch/http/request.rb:354:in `block in POST'
rack (2.0.1) lib/rack/request.rb:57:in `fetch'
rack (2.0.1) lib/rack/request.rb:57:in `fetch_header'
actionpack (5.0.1) lib/action_dispatch/http/request.rb:353:in `POST'
actionpack (5.0.1) lib/action_controller/metal/params_wrapper.rb:282:in `_wrapper_enabled?'
actionpack (5.0.1) lib/action_controller/metal/params_wrapper.rb:231:in `process_action'
activerecord (5.0.1) lib/active_record/railties/controller_runtime.rb:18:in `process_action'
actionpack (5.0.1) lib/abstract_controller/base.rb:126:in `process'
actionpack (5.0.1) lib/action_controller/metal.rb:190:in `dispatch'
actionpack (5.0.1) lib/action_controller/metal.rb:262:in `dispatch'
actionpack (5.0.1) lib/action_dispatch/routing/route_set.rb:50:in `dispatch'
actionpack (5.0.1) lib/action_dispatch/routing/route_set.rb:32:in `serve'
actionpack (5.0.1) lib/action_dispatch/journey/router.rb:39:in `block in serve'
actionpack (5.0.1) lib/action_dispatch/journey/router.rb:26:in `each'
actionpack (5.0.1) lib/action_dispatch/journey/router.rb:26:in `serve'
actionpack (5.0.1) lib/action_dispatch/routing/route_set.rb:725:in `call'
rack (2.0.1) lib/rack/etag.rb:25:in `call'
rack (2.0.1) lib/rack/conditional_get.rb:38:in `call'
rack (2.0.1) lib/rack/head.rb:12:in `call'
activerecord (5.0.1) lib/active_record/migration.rb:553:in `call'
actionpack (5.0.1) lib/action_dispatch/middleware/callbacks.rb:38:in `block in call'
activesupport (5.0.1) lib/active_support/callbacks.rb:97:in `__run_callbacks__'
activesupport (5.0.1) lib/active_support/callbacks.rb:750:in `_run_call_callbacks'
activesupport (5.0.1) lib/active_support/callbacks.rb:90:in `run_callbacks'
actionpack (5.0.1) lib/action_dispatch/middleware/callbacks.rb:36:in `call'
actionpack (5.0.1) lib/action_dispatch/middleware/executor.rb:12:in `call'
actionpack (5.0.1) lib/action_dispatch/middleware/remote_ip.rb:79:in `call'
actionpack (5.0.1) lib/action_dispatch/middleware/debug_exceptions.rb:49:in `call'
actionpack (5.0.1) lib/action_dispatch/middleware/show_exceptions.rb:31:in `call'
railties (5.0.1) lib/rails/rack/logger.rb:36:in `call_app'
railties (5.0.1) lib/rails/rack/logger.rb:24:in `block in call'
activesupport (5.0.1) lib/active_support/tagged_logging.rb:69:in `block in tagged'
activesupport (5.0.1) lib/active_support/tagged_logging.rb:26:in `tagged'
activesupport (5.0.1) lib/active_support/tagged_logging.rb:69:in `tagged'
railties (5.0.1) lib/rails/rack/logger.rb:24:in `call'
actionpack (5.0.1) lib/action_dispatch/middleware/request_id.rb:24:in `call'
rack (2.0.1) lib/rack/runtime.rb:22:in `call'
activesupport (5.0.1) lib/active_support/cache/strategy/local_cache_middleware.rb:28:in `call'
actionpack (5.0.1) lib/action_dispatch/middleware/executor.rb:12:in `call'
actionpack (5.0.1) lib/action_dispatch/middleware/static.rb:136:in `call'
rack (2.0.1) lib/rack/sendfile.rb:111:in `call'
railties (5.0.1) lib/rails/engine.rb:522:in `call'
puma (3.7.0) lib/puma/configuration.rb:226:in `call'
puma (3.7.0) lib/puma/server.rb:578:in `handle_request'
puma (3.7.0) lib/puma/server.rb:415:in `process_client'
puma (3.7.0) lib/puma/server.rb:275:in `block in run'
puma (3.7.0) lib/puma/thread_pool.rb:120:in `block in spawn_thread'
Started POST "/authenticate" for 127.0.0.1 at 2017-02-19 21:43:55 -0600
Processing by AuthenticationController#authenticate as */*
  Parameters: {"email"=>"ivan@compropago.com", "password"=>"[FILTERED]", "authentication"=>{"email"=>"ivan@compropago.com", "password"=>"[FILTERED]"}}
  [1m[36mUser Load (58.4ms)[0m  [1m[34mSELECT  "users".* FROM "users" WHERE "users"."email" = $1 LIMIT $2[0m  [["email", "ivan@compropago.com"], ["LIMIT", 1]]
  [1m[36mCACHE (0.0ms)[0m  [1m[34mSELECT  "users".* FROM "users" WHERE "users"."email" = $1 LIMIT $2[0m  [["email", "ivan@compropago.com"], ["LIMIT", 1]]
Completed 200 OK in 390ms (Views: 0.1ms | ActiveRecord: 179.5ms)


Started POST "/authenticate" for 127.0.0.1 at 2017-02-19 21:44:10 -0600
Processing by AuthenticationController#authenticate as */*
  [1m[36mUser Load (57.8ms)[0m  [1m[34mSELECT  "users".* FROM "users" WHERE "users"."email" IS NULL LIMIT $1[0m  [["LIMIT", 1]]
Completed 401 Unauthorized in 59ms (Views: 0.2ms | ActiveRecord: 57.8ms)


Started POST "/authenticate" for 127.0.0.1 at 2017-02-19 21:44:11 -0600
Processing by AuthenticationController#authenticate as */*
  [1m[36mUser Load (57.8ms)[0m  [1m[34mSELECT  "users".* FROM "users" WHERE "users"."email" IS NULL LIMIT $1[0m  [["LIMIT", 1]]
Completed 401 Unauthorized in 59ms (Views: 0.2ms | ActiveRecord: 57.8ms)


Started POST "/authenticate" for 127.0.0.1 at 2017-02-19 21:44:15 -0600
Processing by AuthenticationController#authenticate as */*
  [1m[36mUser Load (57.7ms)[0m  [1m[34mSELECT  "users".* FROM "users" WHERE "users"."email" IS NULL LIMIT $1[0m  [["LIMIT", 1]]
Completed 401 Unauthorized in 59ms (Views: 0.2ms | ActiveRecord: 57.7ms)


Started POST "/authenticate" for 127.0.0.1 at 2017-02-19 21:44:25 -0600
Processing by AuthenticationController#authenticate as */*
  [1m[36mUser Load (60.2ms)[0m  [1m[34mSELECT  "users".* FROM "users" WHERE "users"."email" IS NULL LIMIT $1[0m  [["LIMIT", 1]]
Completed 401 Unauthorized in 61ms (Views: 0.2ms | ActiveRecord: 60.2ms)


Started POST "/authenticate" for 127.0.0.1 at 2017-02-19 21:44:27 -0600
Processing by AuthenticationController#authenticate as */*
  [1m[36mUser Load (60.3ms)[0m  [1m[34mSELECT  "users".* FROM "users" WHERE "users"."email" IS NULL LIMIT $1[0m  [["LIMIT", 1]]
Completed 401 Unauthorized in 61ms (Views: 0.2ms | ActiveRecord: 60.3ms)


Started POST "/authenticate" for 127.0.0.1 at 2017-02-19 21:44:39 -0600
Processing by AuthenticationController#authenticate as */*
  [1m[36mUser Load (70.5ms)[0m  [1m[34mSELECT  "users".* FROM "users" WHERE "users"."email" IS NULL LIMIT $1[0m  [["LIMIT", 1]]
Completed 401 Unauthorized in 71ms (Views: 0.2ms | ActiveRecord: 70.5ms)


Started POST "/authenticate" for 127.0.0.1 at 2017-02-19 21:45:50 -0600
Processing by AuthenticationController#authenticate as */*
  [1m[36mUser Load (58.1ms)[0m  [1m[34mSELECT  "users".* FROM "users" WHERE "users"."email" IS NULL LIMIT $1[0m  [["LIMIT", 1]]
Completed 401 Unauthorized in 59ms (Views: 0.1ms | ActiveRecord: 58.1ms)


Started POST "/authenticate" for 127.0.0.1 at 2017-02-19 21:46:16 -0600
Processing by AuthenticationController#authenticate as */*
  [1m[36mUser Load (57.9ms)[0m  [1m[34mSELECT  "users".* FROM "users" WHERE "users"."email" IS NULL LIMIT $1[0m  [["LIMIT", 1]]
Completed 401 Unauthorized in 59ms (Views: 0.1ms | ActiveRecord: 57.9ms)


Started POST "/authenticate" for 127.0.0.1 at 2017-02-19 21:46:17 -0600
Processing by AuthenticationController#authenticate as */*
  [1m[36mUser Load (57.6ms)[0m  [1m[34mSELECT  "users".* FROM "users" WHERE "users"."email" IS NULL LIMIT $1[0m  [["LIMIT", 1]]
Completed 401 Unauthorized in 58ms (Views: 0.2ms | ActiveRecord: 57.6ms)


Started POST "/authenticate" for 127.0.0.1 at 2017-02-19 21:47:07 -0600
Processing by AuthenticationController#authenticate as */*
  Parameters: {"email"=>"ivan@compropago.com", "password"=>"[FILTERED]", "authentication"=>{"email"=>"ivan@compropago.com", "password"=>"[FILTERED]"}}
  [1m[36mUser Load (57.7ms)[0m  [1m[34mSELECT  "users".* FROM "users" WHERE "users"."email" = $1 LIMIT $2[0m  [["email", "ivan@compropago.com"], ["LIMIT", 1]]
Completed 401 Unauthorized in 131ms (Views: 0.2ms | ActiveRecord: 57.7ms)


Started POST "/authenticate" for 127.0.0.1 at 2017-02-19 21:47:13 -0600
Processing by AuthenticationController#authenticate as */*
  Parameters: {"email"=>"ivan@compropago.com", "password"=>"[FILTERED]", "authentication"=>{"email"=>"ivan@compropago.com", "password"=>"[FILTERED]"}}
  [1m[36mUser Load (59.1ms)[0m  [1m[34mSELECT  "users".* FROM "users" WHERE "users"."email" = $1 LIMIT $2[0m  [["email", "ivan@compropago.com"], ["LIMIT", 1]]
  [1m[36mCACHE (0.0ms)[0m  [1m[34mSELECT  "users".* FROM "users" WHERE "users"."email" = $1 LIMIT $2[0m  [["email", "ivan@compropago.com"], ["LIMIT", 1]]
Completed 200 OK in 220ms (Views: 0.1ms | ActiveRecord: 59.1ms)


Started GET "/items" for 127.0.0.1 at 2017-02-19 21:49:31 -0600
Processing by ItemsController#index as */*
Completed 500 Internal Server Error in 1ms (ActiveRecord: 0.0ms)


  
LoadError (Unable to autoload constant AuthenticateApiRequest, expected /home/irg2/Documentos/authApp/app/commands/authenticate_api_request.rb to define it):
  
app/controllers/application_controller.rb:10:in `authenticate_request'
Started GET "/items" for 127.0.0.1 at 2017-02-19 21:51:03 -0600
Processing by ItemsController#index as */*
Completed 500 Internal Server Error in 0ms (ActiveRecord: 0.0ms)


  
LoadError (Unable to autoload constant AuthenticateApiRequest, expected /home/irg2/Documentos/authApp/app/commands/authenticate_api_request.rb to define it):
  
app/controllers/application_controller.rb:10:in `authenticate_request'
Started GET "/items" for 127.0.0.1 at 2017-02-19 21:52:10 -0600
Processing by ItemsController#index as */*
Completed 500 Internal Server Error in 0ms (ActiveRecord: 0.0ms)


  
LoadError (Unable to autoload constant AuthenticateApiRequest, expected /home/irg2/Documentos/authApp/app/commands/authenticate_api_request.rb to define it):
  
app/controllers/application_controller.rb:10:in `authenticate_request'
Started POST "/authenticate" for 127.0.0.1 at 2017-02-19 21:52:29 -0600
Processing by AuthenticationController#authenticate as */*
  Parameters: {"email"=>"ivan@compropago.com", "password"=>"[FILTERED]", "authentication"=>{"email"=>"ivan@compropago.com", "password"=>"[FILTERED]"}}
  [1m[36mUser Load (57.4ms)[0m  [1m[34mSELECT  "users".* FROM "users" WHERE "users"."email" = $1 LIMIT $2[0m  [["email", "ivan@compropago.com"], ["LIMIT", 1]]
  [1m[36mCACHE (0.0ms)[0m  [1m[34mSELECT  "users".* FROM "users" WHERE "users"."email" = $1 LIMIT $2[0m  [["email", "ivan@compropago.com"], ["LIMIT", 1]]
Completed 200 OK in 215ms (Views: 0.1ms | ActiveRecord: 57.4ms)


Started POST "/authenticate" for 127.0.0.1 at 2017-02-19 21:52:54 -0600
Processing by AuthenticationController#authenticate as */*
  Parameters: {"email"=>"ivan@compropago.com", "password"=>"[FILTERED]", "authentication"=>{"email"=>"ivan@compropago.com", "password"=>"[FILTERED]"}}
  [1m[36mUser Load (57.9ms)[0m  [1m[34mSELECT  "users".* FROM "users" WHERE "users"."email" = $1 LIMIT $2[0m  [["email", "ivan@compropago.com"], ["LIMIT", 1]]
  [1m[36mCACHE (0.0ms)[0m  [1m[34mSELECT  "users".* FROM "users" WHERE "users"."email" = $1 LIMIT $2[0m  [["email", "ivan@compropago.com"], ["LIMIT", 1]]
Completed 200 OK in 208ms (Views: 0.1ms | ActiveRecord: 57.9ms)


Started GET "/items" for 127.0.0.1 at 2017-02-19 21:53:46 -0600
Processing by ItemsController#index as */*
Completed 500 Internal Server Error in 1ms (ActiveRecord: 0.0ms)


  
LoadError (Unable to autoload constant AuthenticateApiRequest, expected /home/irg2/Documentos/authApp/app/commands/authenticate_api_request.rb to define it):
  
app/controllers/application_controller.rb:10:in `authenticate_request'
Started GET "/items" for 127.0.0.1 at 2017-02-19 22:09:07 -0600
  [1m[36mActiveRecord::SchemaMigration Load (61.2ms)[0m  [1m[34mSELECT "schema_migrations".* FROM "schema_migrations"[0m
Processing by ItemsController#index as */*
Completed 500 Internal Server Error in 1ms (ActiveRecord: 0.0ms)


  
NameError (uninitialized constant ApplicationController::AuthenticateApiRequest):
  
app/controllers/application_controller.rb:10:in `authenticate_request'
Started GET "/items" for 127.0.0.1 at 2017-02-19 22:11:22 -0600
Processing by ItemsController#index as */*
Completed 500 Internal Server Error in 1ms (ActiveRecord: 0.0ms)


  
NameError (uninitialized constant ApplicationController::AuthenticateApiRequest):
  
app/controllers/application_controller.rb:10:in `authenticate_request'
Started GET "/items" for 127.0.0.1 at 2017-02-19 22:12:13 -0600
Processing by ItemsController#index as */*
Completed 500 Internal Server Error in 1ms (ActiveRecord: 0.0ms)


  
NameError (uninitialized constant ApplicationController::AuthenticateApiRequest):
  
app/controllers/application_controller.rb:10:in `authenticate_request'
Started GET "/items" for 127.0.0.1 at 2017-02-19 22:13:33 -0600
Processing by ItemsController#index as */*
Completed 500 Internal Server Error in 1ms (ActiveRecord: 0.0ms)


  
NameError (uninitialized constant ApplicationController::AuthenticateApiRequest):
  
app/controllers/application_controller.rb:10:in `authenticate_request'
Started GET "/items" for 127.0.0.1 at 2017-02-19 22:16:32 -0600
Processing by ItemsController#index as */*
Completed 500 Internal Server Error in 1ms (ActiveRecord: 0.0ms)


  
NameError (uninitialized constant ApplicationController::AuthenticateApiRequest):
  
app/controllers/application_controller.rb:10:in `authenticate_request'
Started GET "/items" for 127.0.0.1 at 2017-02-19 22:19:26 -0600
Processing by ItemsController#index as */*
Completed 500 Internal Server Error in 1ms (ActiveRecord: 0.0ms)


  
NameError (uninitialized constant ApplicationController::AuthenticateApiRequest):
  
app/controllers/application_controller.rb:10:in `authenticate_request'
Started GET "/items" for 127.0.0.1 at 2017-02-19 22:21:12 -0600
  [1m[36mActiveRecord::SchemaMigration Load (60.1ms)[0m  [1m[34mSELECT "schema_migrations".* FROM "schema_migrations"[0m
Processing by ItemsController#index as */*
Completed 500 Internal Server Error in 1ms (ActiveRecord: 0.0ms)


  
NameError (uninitialized constant ApplicationController::AuthenticateApiRequest):
  
app/controllers/application_controller.rb:10:in `authenticate_request'
Started GET "/items" for 127.0.0.1 at 2017-02-19 22:27:55 -0600
Processing by ItemsController#index as */*
Filter chain halted as :authenticate_request rendered or redirected
Completed 401 Unauthorized in 2ms (Views: 0.2ms | ActiveRecord: 0.0ms)


Started POST "/authenticate" for 127.0.0.1 at 2017-02-19 22:29:09 -0600
  [1m[36mActiveRecord::SchemaMigration Load (59.7ms)[0m  [1m[34mSELECT "schema_migrations".* FROM "schema_migrations"[0m
Processing by AuthenticationController#authenticate as */*
  Parameters: {"email"=>"ivan@compropago.com", "password"=>"[FILTERED]", "authentication"=>{"email"=>"ivan@compropago.com", "password"=>"[FILTERED]"}}
  [1m[36mUser Load (60.8ms)[0m  [1m[34mSELECT  "users".* FROM "users" WHERE "users"."email" = $1 LIMIT $2[0m  [["email", "ivan@compropago.com"], ["LIMIT", 1]]
  [1m[36mUser Load (60.6ms)[0m  [1m[34mSELECT  "users".* FROM "users" WHERE "users"."email" = $1 LIMIT $2[0m  [["email", "ivan@compropago.com"], ["LIMIT", 1]]
Completed 200 OK in 660ms (Views: 0.2ms | ActiveRecord: 394.9ms)


Started GET "/items" for 127.0.0.1 at 2017-02-19 22:29:51 -0600
Processing by ItemsController#index as */*
  [1m[36mUser Load (61.0ms)[0m  [1m[34mSELECT  "users".* FROM "users" WHERE "users"."id" = $1 LIMIT $2[0m  [["id", 1], ["LIMIT", 1]]
  [1m[36mItem Load (60.9ms)[0m  [1m[34mSELECT "items".* FROM "items"[0m
Completed 200 OK in 330ms (Views: 1.8ms | ActiveRecord: 261.7ms)


Started GET "/items" for 127.0.0.1 at 2017-02-19 22:30:07 -0600
Processing by ItemsController#index as */*
  [1m[36mUser Load (60.6ms)[0m  [1m[34mSELECT  "users".* FROM "users" WHERE "users"."id" = $1 LIMIT $2[0m  [["id", 1], ["LIMIT", 1]]
  [1m[36mItem Load (60.5ms)[0m  [1m[34mSELECT "items".* FROM "items"[0m
Completed 200 OK in 123ms (Views: 0.6ms | ActiveRecord: 121.1ms)


Started GET "/items" for 127.0.0.1 at 2017-02-19 22:30:28 -0600
Processing by ItemsController#index as */*
Filter chain halted as :authenticate_request rendered or redirected
Completed 401 Unauthorized in 0ms (Views: 0.1ms | ActiveRecord: 0.0ms)


Started GET "/items" for 127.0.0.1 at 2017-02-19 22:30:37 -0600
Processing by ItemsController#index as */*
Filter chain halted as :authenticate_request rendered or redirected
Completed 401 Unauthorized in 0ms (Views: 0.1ms | ActiveRecord: 0.0ms)


Started GET "/items" for 127.0.0.1 at 2017-02-19 22:30:38 -0600
Processing by ItemsController#index as */*
Filter chain halted as :authenticate_request rendered or redirected
Completed 401 Unauthorized in 0ms (Views: 0.1ms | ActiveRecord: 0.0ms)


Started GET "/items" for 127.0.0.1 at 2017-02-19 22:30:40 -0600
Processing by ItemsController#index as */*
Filter chain halted as :authenticate_request rendered or redirected
Completed 401 Unauthorized in 0ms (Views: 0.1ms | ActiveRecord: 0.0ms)


Started GET "/items" for 127.0.0.1 at 2017-02-19 22:31:13 -0600
Processing by ItemsController#index as */*
  [1m[36mUser Load (126.8ms)[0m  [1m[34mSELECT  "users".* FROM "users" WHERE "users"."id" = $1 LIMIT $2[0m  [["id", 1], ["LIMIT", 1]]
  [1m[36mItem Load (116.8ms)[0m  [1m[34mSELECT "items".* FROM "items"[0m
Completed 200 OK in 245ms (Views: 0.6ms | ActiveRecord: 243.6ms)


  [1m[35m (60.9ms)[0m  [1m[35mBEGIN[0m
  [1m[35mSQL (60.9ms)[0m  [1m[32mINSERT INTO "items" ("name", "description", "created_at", "updated_at") VALUES ($1, $2, $3, $4) RETURNING "id"[0m  [["name", "irg2"], ["description", "234234234"], ["created_at", 2017-02-20 04:33:37 UTC], ["updated_at", 2017-02-20 04:33:37 UTC]]
  [1m[35m (61.1ms)[0m  [1m[35mCOMMIT[0m
  [1m[35m (59.1ms)[0m  [1m[35mBEGIN[0m
  [1m[35mSQL (61.3ms)[0m  [1m[32mINSERT INTO "items" ("name", "description", "created_at", "updated_at") VALUES ($1, $2, $3, $4) RETURNING "id"[0m  [["name", "irgglez"], ["description", "234234234123123"], ["created_at", 2017-02-20 04:33:46 UTC], ["updated_at", 2017-02-20 04:33:46 UTC]]
  [1m[35m (70.1ms)[0m  [1m[35mCOMMIT[0m
Started GET "/items" for 127.0.0.1 at 2017-02-19 22:34:02 -0600
Processing by ItemsController#index as */*
  [1m[36mUser Load (59.3ms)[0m  [1m[34mSELECT  "users".* FROM "users" WHERE "users"."id" = $1 LIMIT $2[0m  [["id", 1], ["LIMIT", 1]]
  [1m[36mItem Load (59.1ms)[0m  [1m[34mSELECT "items".* FROM "items"[0m
Completed 200 OK in 244ms (Views: 4.0ms | ActiveRecord: 180.1ms)


Started GET "/items" for 127.0.0.1 at 2017-02-19 22:34:27 -0600
Processing by ItemsController#index as */*
Filter chain halted as :authenticate_request rendered or redirected
Completed 401 Unauthorized in 0ms (Views: 0.1ms | ActiveRecord: 0.0ms)


Started GET "/items" for 127.0.0.1 at 2017-02-19 22:34:31 -0600
Processing by ItemsController#index as */*
Filter chain halted as :authenticate_request rendered or redirected
Completed 401 Unauthorized in 0ms (Views: 0.1ms | ActiveRecord: 0.0ms)


Started GET "/items" for 127.0.0.1 at 2017-02-19 22:34:34 -0600
Processing by ItemsController#index as */*
  [1m[36mUser Load (59.9ms)[0m  [1m[34mSELECT  "users".* FROM "users" WHERE "users"."id" = $1 LIMIT $2[0m  [["id", 1], ["LIMIT", 1]]
  [1m[36mItem Load (60.6ms)[0m  [1m[34mSELECT "items".* FROM "items"[0m
Completed 200 OK in 123ms (Views: 1.2ms | ActiveRecord: 120.5ms)


Started GET "/items" for 127.0.0.1 at 2017-02-19 22:38:14 -0600
Processing by ItemsController#index as */*
  [1m[36mUser Load (58.6ms)[0m  [1m[34mSELECT  "users".* FROM "users" WHERE "users"."id" = $1 LIMIT $2[0m  [["id", 1], ["LIMIT", 1]]
  [1m[36mItem Load (59.0ms)[0m  [1m[34mSELECT "items".* FROM "items"[0m
Completed 200 OK in 119ms (Views: 1.0ms | ActiveRecord: 117.6ms)


Started GET "/items" for 127.0.0.1 at 2017-02-19 22:38:17 -0600
Processing by ItemsController#index as */*
Filter chain halted as :authenticate_request rendered or redirected
Completed 401 Unauthorized in 0ms (Views: 0.1ms | ActiveRecord: 0.0ms)


Started GET "/items" for 127.0.0.1 at 2017-02-19 22:38:36 -0600
Processing by ItemsController#index as */*
Filter chain halted as :authenticate_request rendered or redirected
Completed 401 Unauthorized in 0ms (Views: 0.1ms | ActiveRecord: 0.0ms)


Started GET "/items" for 127.0.0.1 at 2017-02-19 22:38:37 -0600
Processing by ItemsController#index as */*
  [1m[36mUser Load (61.1ms)[0m  [1m[34mSELECT  "users".* FROM "users" WHERE "users"."id" = $1 LIMIT $2[0m  [["id", 1], ["LIMIT", 1]]
  [1m[36mItem Load (63.2ms)[0m  [1m[34mSELECT "items".* FROM "items"[0m
Completed 200 OK in 126ms (Views: 1.1ms | ActiveRecord: 124.3ms)


